2025-12-27 21:38:37.862 [info] [main] Log level: Info
2025-12-27 21:38:37.862 [info] [main] Validating found git in: "git"
2025-12-27 21:38:37.862 [info] [main] Using git "2.52.0" from "git"
2025-12-27 21:38:37.862 [info] [Model][doInitialScan] Initial repository scan started
2025-12-27 21:38:37.868 [info] > git rev-parse --show-toplevel [2ms]
2025-12-27 21:38:37.868 [info] fatal: not a git repository (or any parent up to mount point /)
Stopping at filesystem boundary (GIT_DISCOVERY_ACROSS_FILESYSTEM not set).
2025-12-27 21:38:37.868 [info] [Model][doInitialScan] Initial repository scan completed - repositories (0), closed repositories (0), parent repositories (0), unsafe repositories (0)
2025-12-27 21:38:40.881 [info] > git rev-parse --show-toplevel [1ms]
2025-12-27 21:38:40.881 [info] fatal: not a git repository (or any parent up to mount point /)
Stopping at filesystem boundary (GIT_DISCOVERY_ACROSS_FILESYSTEM not set).
2025-12-27 21:39:00.923 [info] > git rev-parse --show-toplevel [1ms]
2025-12-27 21:39:00.923 [info] fatal: not a git repository (or any parent up to mount point /)
Stopping at filesystem boundary (GIT_DISCOVERY_ACROSS_FILESYSTEM not set).
2025-12-27 21:40:01.344 [info] > git rev-parse --show-toplevel [1ms]
2025-12-27 21:40:01.344 [info] fatal: not a git repository (or any parent up to mount point /)
Stopping at filesystem boundary (GIT_DISCOVERY_ACROSS_FILESYSTEM not set).
2025-12-27 21:40:08.055 [info] > git rev-parse --show-toplevel [1ms]
2025-12-27 21:40:08.055 [info] fatal: not a git repository (or any parent up to mount point /)
Stopping at filesystem boundary (GIT_DISCOVERY_ACROSS_FILESYSTEM not set).
2025-12-27 21:40:09.310 [info] > git rev-parse --show-toplevel [1ms]
2025-12-27 21:40:09.310 [info] fatal: not a git repository (or any parent up to mount point /)
Stopping at filesystem boundary (GIT_DISCOVERY_ACROSS_FILESYSTEM not set).
2025-12-27 21:42:44.053 [info] > git rev-parse --show-toplevel [1ms]
2025-12-27 21:42:44.053 [info] fatal: not a git repository (or any parent up to mount point /)
Stopping at filesystem boundary (GIT_DISCOVERY_ACROSS_FILESYSTEM not set).
2025-12-27 21:43:47.442 [info] > git rev-parse --show-toplevel [1ms]
2025-12-27 21:43:47.442 [info] fatal: not a git repository (or any parent up to mount point /)
Stopping at filesystem boundary (GIT_DISCOVERY_ACROSS_FILESYSTEM not set).
